<?xml version="1.0" encoding="UTF-8"?>
<testng-results skipped="0" failed="0" ignored="0" total="2" passed="2">
  <reporter-output>
  </reporter-output>
  <suite name="Default suite" duration-ms="62570" started-at="2020-11-19T08:34:32 CST" finished-at="2020-11-19T08:35:34 CST">
    <groups>
    </groups>
    <test name="Default test" duration-ms="62570" started-at="2020-11-19T08:34:32 CST" finished-at="2020-11-19T08:35:34 CST">
      <class name="com.test.demo.SmokeTesting">
        <test-method status="PASS" signature="doBeforeClass()[pri:0, instance:com.test.demo.SmokeTesting@131276c2]" name="doBeforeClass" is-config="true" duration-ms="4733" started-at="2020-11-19T08:34:32 CST" finished-at="2020-11-19T08:34:37 CST">
          <reporter-output>
          </reporter-output>
        </test-method> <!-- doBeforeClass -->
        <test-method status="PASS" signature="testLogin()[pri:0, instance:com.test.demo.SmokeTesting@131276c2]" name="testLogin" is-config="true" duration-ms="11015" started-at="2020-11-19T08:34:37 CST" finished-at="2020-11-19T08:34:48 CST">
          <reporter-output>
          </reporter-output>
        </test-method> <!-- testLogin -->
        <test-method status="PASS" signature="testChangeSMTPDebug1()[pri:43, instance:com.test.demo.SmokeTesting@131276c2]" name="testChangeSMTPDebug1" duration-ms="23064" started-at="2020-11-19T08:34:48 CST" finished-at="2020-11-19T08:35:11 CST">
          <reporter-output>
          </reporter-output>
        </test-method> <!-- testChangeSMTPDebug1 -->
        <test-method status="PASS" signature="testChangeSMTPDebug2()[pri:44, instance:com.test.demo.SmokeTesting@131276c2]" name="testChangeSMTPDebug2" duration-ms="22880" started-at="2020-11-19T08:35:11 CST" finished-at="2020-11-19T08:35:34 CST">
          <reporter-output>
          </reporter-output>
        </test-method> <!-- testChangeSMTPDebug2 -->
        <test-method status="PASS" signature="doAfterMethod()[pri:0, instance:com.test.demo.SmokeTesting@131276c2]" name="doAfterMethod" is-config="true" duration-ms="834" started-at="2020-11-19T08:35:34 CST" finished-at="2020-11-19T08:35:34 CST">
          <reporter-output>
          </reporter-output>
        </test-method> <!-- doAfterMethod -->
      </class> <!-- com.test.demo.SmokeTesting -->
    </test> <!-- Default test -->
  </suite> <!-- Default suite -->
</testng-results>
