<?xml version="1.0" encoding="UTF-8"?>
<!-- Generated by org.testng.reporters.JUnitXMLReporter -->
<testsuite hostname="LAPTOP-7CS7VT9V" ignored="0" name="test1" tests="51" failures="0" timestamp="2020-12-03T10:40:14 CST" time="1073.347" errors="0">
  <testcase name="demo" time="0.008" classname="com.webtest.demo.demo"/>
  <testcase name="test_login_fail" time="3.449" classname="testcase.LoginTest"/>
  <testcase name="test_login_success" time="4.536" classname="testcase.LoginTest"/>
  <testcase name="test_clickZhangHao" time="6.689" classname="testcase.LoginTest"/>
  <testcase name="test_editEmaiFullName" time="3.34" classname="testcase.LoginTest"/>
  <testcase name="test_editEmail" time="3.339" classname="testcase.LoginTest"/>
  <testcase name="test_editPassword" time="19.138" classname="testcase.LoginTest"/>
  <testcase name="test_editPassword_fail1" time="19.157" classname="testcase.LoginTest"/>
  <testcase name="test_editPassword_fail2" time="19.166" classname="testcase.LoginTest"/>
  <testcase name="test_editPassword_fail3" time="19.132" classname="testcase.LoginTest"/>
  <testcase name="test_editPassword_fail4" time="19.106" classname="testcase.LoginTest"/>
  <testcase name="test_editPassword_fail5" time="19.172" classname="testcase.LoginTest"/>
  <testcase name="test_clickAnswer" time="12.574" classname="testcase.LoginTest"/>
  <testcase name="test_clickPerson" time="6.521" classname="testcase.LoginTest"/>
  <testcase name="test_clickPre" time="13.049" classname="testcase.LoginTest"/>
  <testcase name="test_clickQues" time="12.969" classname="testcase.LoginTest"/>
  <testcase name="test_clickShow" time="12.986" classname="testcase.LoginTest"/>
  <testcase name="test_clickSub" time="12.627" classname="testcase.LoginTest"/>
  <testcase name="test_clickTemp" time="13.26" classname="testcase.LoginTest"/>
  <testcase name="test_selectHtml" time="14.263" classname="testcase.LoginTest"/>
  <testcase name="test_selectJie" time="11.007" classname="testcase.LoginTest"/>
  <testcase name="test_selectLock" time="12.985" classname="testcase.LoginTest"/>
  <testcase name="test_selectNote" time="13.036" classname="testcase.LoginTest"/>
  <testcase name="test_clickCopy" time="3.921" classname="testcase.LoginTest"/>
  <testcase name="test_clickCopyAnswers" time="3.254" classname="testcase.LoginTest"/>
  <testcase name="test_clickCopyConditions" time="3.223" classname="testcase.LoginTest"/>
  <testcase name="test_clickCopyDiao" time="3.232" classname="testcase.LoginTest"/>
  <testcase name="test_clickCopyEnddate" time="3.224" classname="testcase.LoginTest"/>
  <testcase name="test_clickCopyPermiss" time="3.217" classname="testcase.LoginTest"/>
  <testcase name="test_clickCopyQuotas" time="3.217" classname="testcase.LoginTest"/>
  <testcase name="test_clickCopyStartid" time="3.215" classname="testcase.LoginTest"/>
  <testcase name="test_clickCopySurvey" time="6.672" classname="testcase.LoginTest"/>
  <testcase name="test_clickCopySurveyId" time="6.239" classname="testcase.LoginTest"/>
  <testcase name="test_clickCopySurveyName" time="6.245" classname="testcase.LoginTest"/>
  <testcase name="test_TongJi" time="55.317" classname="testcase.LoginTest"/>
  <testcase name="test_clickBut1" time="52.643" classname="testcase.LoginTest"/>
  <testcase name="test_clickBut2" time="52.625" classname="testcase.LoginTest"/>
  <testcase name="test_clickBut3" time="34.341" classname="testcase.LoginTest"/>
  <testcase name="test_clickBut4" time="52.386" classname="testcase.LoginTest"/>
  <testcase name="test_clickChartType" time="6.702" classname="testcase.LoginTest"/>
  <testcase name="test_clickFormat1" time="0.006" classname="testcase.LoginTest"/>
  <testcase name="test_clickFormat2" time="0.004" classname="testcase.LoginTest"/>
  <testcase name="test_clickFormat3" time="55.676" classname="testcase.LoginTest"/>
  <testcase name="test_clickFormat4" time="52.931" classname="testcase.LoginTest"/>
  <testcase name="test_clickOnlyFin" time="55.718" classname="testcase.LoginTest"/>
  <testcase name="test_clickOnlyNoFin" time="53.062" classname="testcase.LoginTest"/>
  <testcase name="test_clickRoww1" time="52.682" classname="testcase.LoginTest"/>
  <testcase name="test_clickRoww2" time="52.387" classname="testcase.LoginTest"/>
  <testcase name="test_clickRoww3" time="52.619" classname="testcase.LoginTest"/>
  <testcase name="test_clickRoww4" time="52.614" classname="testcase.LoginTest"/>
  <testcase name="test_clickRoww5" time="52.592" classname="testcase.LoginTest"/>
</testsuite> <!-- test1 -->
